-------------------------------------------------------------------------------
Test set: com.timespace.controllers.LoginControllerTest
-------------------------------------------------------------------------------
Tests run: 4, Failures: 1, Errors: 0, Skipped: 0, Time elapsed: 16.618 s <<< FAILURE! - in com.timespace.controllers.LoginControllerTest
shouldReturnDefaultLogout  Time elapsed: 0.029 s  <<< FAILURE!
java.lang.AssertionError: Status expected:<200> but was:<302>
	at com.timespace.controllers.LoginControllerTest.shouldReturnDefaultLogout(LoginControllerTest.java:34)

