-------------------------------------------------------------------------------
Test set: com.timespace.jpa.EmployeeServiceJpaTest
-------------------------------------------------------------------------------
Tests run: 6, Failures: 1, Errors: 0, Skipped: 0, Time elapsed: 0.279 s <<< FAILURE! - in com.timespace.jpa.EmployeeServiceJpaTest
findByLastName  Time elapsed: 0.016 s  <<< FAILURE!
org.opentest4j.AssertionFailedError: expected: <Versey> but was: <null>
	at com.timespace.jpa.EmployeeServiceJpaTest.findByLastName(EmployeeServiceJpaTest.java:66)

