-------------------------------------------------------------------------------
Test set: com.timespace.controllers.LoginControllerTest
-------------------------------------------------------------------------------
Tests run: 4, Failures: 0, Errors: 4, Skipped: 0, Time elapsed: 122.735 s <<< FAILURE! - in com.timespace.controllers.LoginControllerTest
shouldReturnDefaultLogon  Time elapsed: 0 s  <<< ERROR!
java.lang.IllegalStateException: Failed to load ApplicationContext
Caused by: org.springframework.beans.factory.UnsatisfiedDependencyException: Error creating bean with name 'loginController' defined in file [/Users/user/OneDrive/TM471/Project/timespace/target/classes/com/timespace/controllers/LoginController.class]: Unsatisfied dependency expressed through constructor parameter 0; nested exception is org.springframework.beans.factory.NoSuchBeanDefinitionException: No qualifying bean of type 'com.timespace.services.EmployeeService' available: expected at least 1 bean which qualifies as autowire candidate. Dependency annotations: {}
Caused by: org.springframework.beans.factory.NoSuchBeanDefinitionException: No qualifying bean of type 'com.timespace.services.EmployeeService' available: expected at least 1 bean which qualifies as autowire candidate. Dependency annotations: {}

shouldRedirect  Time elapsed: 0.001 s  <<< ERROR!
java.lang.IllegalStateException: Failed to load ApplicationContext
Caused by: org.springframework.beans.factory.UnsatisfiedDependencyException: Error creating bean with name 'loginController' defined in file [/Users/user/OneDrive/TM471/Project/timespace/target/classes/com/timespace/controllers/LoginController.class]: Unsatisfied dependency expressed through constructor parameter 0; nested exception is org.springframework.beans.factory.NoSuchBeanDefinitionException: No qualifying bean of type 'com.timespace.services.EmployeeService' available: expected at least 1 bean which qualifies as autowire candidate. Dependency annotations: {}
Caused by: org.springframework.beans.factory.NoSuchBeanDefinitionException: No qualifying bean of type 'com.timespace.services.EmployeeService' available: expected at least 1 bean which qualifies as autowire candidate. Dependency annotations: {}

shouldRedirectDefaultLogout  Time elapsed: 0 s  <<< ERROR!
java.lang.IllegalStateException: Failed to load ApplicationContext
Caused by: org.springframework.beans.factory.UnsatisfiedDependencyException: Error creating bean with name 'loginController' defined in file [/Users/user/OneDrive/TM471/Project/timespace/target/classes/com/timespace/controllers/LoginController.class]: Unsatisfied dependency expressed through constructor parameter 0; nested exception is org.springframework.beans.factory.NoSuchBeanDefinitionException: No qualifying bean of type 'com.timespace.services.EmployeeService' available: expected at least 1 bean which qualifies as autowire candidate. Dependency annotations: {}
Caused by: org.springframework.beans.factory.NoSuchBeanDefinitionException: No qualifying bean of type 'com.timespace.services.EmployeeService' available: expected at least 1 bean which qualifies as autowire candidate. Dependency annotations: {}

contexLoads  Time elapsed: 0 s  <<< ERROR!
java.lang.IllegalStateException: Failed to load ApplicationContext
Caused by: org.springframework.beans.factory.UnsatisfiedDependencyException: Error creating bean with name 'loginController' defined in file [/Users/user/OneDrive/TM471/Project/timespace/target/classes/com/timespace/controllers/LoginController.class]: Unsatisfied dependency expressed through constructor parameter 0; nested exception is org.springframework.beans.factory.NoSuchBeanDefinitionException: No qualifying bean of type 'com.timespace.services.EmployeeService' available: expected at least 1 bean which qualifies as autowire candidate. Dependency annotations: {}
Caused by: org.springframework.beans.factory.NoSuchBeanDefinitionException: No qualifying bean of type 'com.timespace.services.EmployeeService' available: expected at least 1 bean which qualifies as autowire candidate. Dependency annotations: {}

